<?xml version="1.0" encoding="UTF-8"?>
<!-- Generated by org.testng.reporters.JUnitReportReporter -->
<testsuite skipped="0" hostname="DSHYD-100" name="com.yourcompany.JenkinsTest" tests="1" failures="0" timestamp="05 Oct 2017 11:29:22 GMT" time="0.010" errors="0">
  <testcase name="f" time="0.010" classname="com.yourcompany.JenkinsTest"/>
</testsuite> <!-- com.yourcompany.JenkinsTest -->
