<?xml version="1.0" encoding="UTF-8"?>
<!-- Generated by org.testng.reporters.JUnitReportReporter -->
<testsuite name="com.yourcompany.JenkinsTest" tests="1" time="0.005" ignored="0" failures="0" timestamp="05 Oct 2017 11:48:24 GMT" skipped="0" hostname="DSHYD-100" errors="0">
  <testcase name="f" time="0.005" classname="com.yourcompany.JenkinsTest"/>
</testsuite> <!-- com.yourcompany.JenkinsTest -->
